20240829	00:57:10	12781fd5-063d-413b-975d-5e0e0a022eed	POST	/users	undefined
20240829	00:57:27	a1008b52-5050-42a7-8cbf-de7cdde79a47	POST	/users	undefined
20240829	00:57:57	e30ef25b-2bfe-4ed3-8280-31b0150dc1f5	OPTIONS	/auth	http://localhost:5173
20240829	00:57:57	2da07d78-081d-47a6-9e21-e65dab4a78d6	POST	/auth	http://localhost:5173
20240829	00:57:57	dc494737-7473-48b3-8786-daf47e84c329	OPTIONS	/notes	http://localhost:5173
20240829	00:57:57	49697c88-71b5-41c8-8e24-93b6554e0060	OPTIONS	/users	http://localhost:5173
20240829	00:57:57	c7e71134-c19d-4cb0-a3b7-e883cdfcd35c	GET	/notes	http://localhost:5173
20240829	00:57:57	b284e16a-3247-4304-b892-86c919fe6ac1	GET	/users	http://localhost:5173
20240829	01:03:11	99d598c7-24f5-48af-a0a6-91f9b0a37c6e	POST	/users	undefined
20240829	01:04:35	78e6b415-61b7-412c-b605-f38b8dc957be	POST	/users	undefined
20240829	01:04:46	c31c4028-a85b-4ca3-810c-e722ab2107eb	POST	/users	undefined
20240829	01:05:25	3a3ad121-bf1d-430c-bcd7-884771d06f22	POST	/users	undefined
20240829	01:07:05	0887c6c6-1152-4da3-b278-d313daac15dd	GET	/notes	http://localhost:5173
20240829	01:07:05	9391b889-5da4-4c46-9841-80904a078a56	GET	/users	http://localhost:5173
20240829	01:07:13	8170ab8d-8913-4fbb-b9aa-23e1a68c9e61	GET	/notes	http://localhost:5173
20240829	01:07:13	3ed2526b-c180-4415-a7e6-19819685b034	GET	/users	http://localhost:5173
20240829	01:07:15	9f26bd94-4996-488d-8102-3e044436ac56	GET	/users	http://localhost:5173
20240829	01:07:36	410da4ce-9b01-4730-97e8-5d34de5f704a	OPTIONS	/notes	http://localhost:5173
20240829	01:07:36	b8555853-627a-4751-bff1-23b0411bc197	POST	/notes	http://localhost:5173
20240829	01:07:36	09c0dfe5-ee3b-461c-9b3f-0a3056522491	GET	/notes	http://localhost:5173
20240830	14:23:38	aead311e-abfb-4b0b-ba49-83ba4ca6c53a	POST	/user	undefined
20240830	14:24:55	59af29a9-6271-40a7-bdcc-1a11f7f1fe2d	POST	/user	undefined
20240830	14:25:53	a7b83519-83d0-4b89-947b-a8c4a167e898	POST	/user	undefined
20240830	14:26:04	3014128d-db8a-4328-b4e9-60b4d0e1d61e	POST	/user	undefined
20240830	14:26:22	09a1ee8a-0d6a-4954-bfb2-45016fff5780	POST	/user	undefined
20240830	14:38:48	415e1934-5e05-4c0e-9b73-b2ba95974a71	POST	/auth	undefined
20240830	14:39:09	403bf51c-c7a7-430e-84e7-6f9bb859285f	POST	/auth	undefined
20240830	14:39:13	592df5be-23a5-496b-9527-51b72e56fae1	POST	/auth	undefined
20240830	14:39:59	47320a1c-98bb-4b23-aef1-52175532709a	POST	/auth	undefined
